<?xml version="1.0" encoding="UTF-8"?>
<testsuite name="test.java.controllers.TransformControllerTest" tests="0" skipped="0" failures="0" errors="0" timestamp="1970-01-01T00:00:00" hostname="Morgans-MacBook-Pro.local" time="0.0">
  <properties/>
  <system-out><![CDATA[06:07:47.098 [Test worker] DEBUG org.springframework.test.context.junit4.SpringJUnit4ClassRunner - SpringJUnit4ClassRunner constructor called with [class test.java.controllers.TransformControllerTest]
06:07:47.099 [Test worker] DEBUG org.springframework.test.context.BootstrapUtils - Instantiating CacheAwareContextLoaderDelegate from class [org.springframework.test.context.cache.DefaultCacheAwareContextLoaderDelegate]
06:07:47.099 [Test worker] DEBUG org.springframework.test.context.BootstrapUtils - Instantiating BootstrapContext using constructor [public org.springframework.test.context.support.DefaultBootstrapContext(java.lang.Class,org.springframework.test.context.CacheAwareContextLoaderDelegate)]
06:07:47.102 [Test worker] DEBUG org.springframework.test.context.BootstrapUtils - Instantiating TestContextBootstrapper for test class [test.java.controllers.TransformControllerTest] from class [org.springframework.test.context.web.WebTestContextBootstrapper]
06:07:47.110 [Test worker] DEBUG org.springframework.test.context.web.WebTestContextBootstrapper - Found explicit ContextLoader class [org.springframework.boot.test.SpringApplicationContextLoader] for context configuration attributes [ContextConfigurationAttributes@87a9cb2 declaringClass = 'test.java.controllers.TransformControllerTest', classes = '{class org.springframework.mock.web.MockServletContext}', locations = '{}', inheritLocations = true, initializers = '{}', inheritInitializers = true, name = [null], contextLoaderClass = 'org.springframework.boot.test.SpringApplicationContextLoader']
06:07:47.111 [Test worker] DEBUG org.springframework.test.context.support.AbstractContextLoader - Did not detect default resource location for test class [test.java.controllers.TransformControllerTest]: class path resource [test/java/controllers/TransformControllerTest-context.xml] does not exist
06:07:47.111 [Test worker] DEBUG org.springframework.test.context.support.AbstractContextLoader - Did not detect default resource location for test class [test.java.controllers.TransformControllerTest]: class path resource [test/java/controllers/TransformControllerTestContext.groovy] does not exist
06:07:47.112 [Test worker] INFO org.springframework.test.context.support.AbstractContextLoader - Could not detect default resource locations for test class [test.java.controllers.TransformControllerTest]: no resource found for suffixes {-context.xml, Context.groovy}.
06:07:47.112 [Test worker] DEBUG org.springframework.test.context.support.ActiveProfilesUtils - Could not find an 'annotation declaring class' for annotation type [org.springframework.test.context.ActiveProfiles] and class [test.java.controllers.TransformControllerTest]
06:07:47.112 [Test worker] DEBUG org.springframework.test.context.web.WebTestContextBootstrapper - @TestExecutionListeners is not present for class [test.java.controllers.TransformControllerTest]: using defaults.
06:07:47.116 [Test worker] INFO org.springframework.test.context.web.WebTestContextBootstrapper - Loaded default TestExecutionListener class names from location [META-INF/spring.factories]: [org.springframework.test.context.web.ServletTestExecutionListener, org.springframework.test.context.support.DirtiesContextBeforeModesTestExecutionListener, org.springframework.test.context.support.DependencyInjectionTestExecutionListener, org.springframework.test.context.support.DirtiesContextTestExecutionListener, org.springframework.test.context.transaction.TransactionalTestExecutionListener, org.springframework.test.context.jdbc.SqlScriptsTestExecutionListener]
06:07:47.117 [Test worker] INFO org.springframework.test.context.web.WebTestContextBootstrapper - Using TestExecutionListeners: [org.springframework.test.context.web.ServletTestExecutionListener@11f61b3a, org.springframework.test.context.support.DirtiesContextBeforeModesTestExecutionListener@67469668, org.springframework.test.context.support.DependencyInjectionTestExecutionListener@598f13da, org.springframework.test.context.support.DirtiesContextTestExecutionListener@40161631, org.springframework.test.context.transaction.TransactionalTestExecutionListener@6118eac2, org.springframework.test.context.jdbc.SqlScriptsTestExecutionListener@323ed55f]
06:07:47.121 [Test worker] DEBUG org.springframework.test.annotation.ProfileValueUtils - Retrieved @ProfileValueSourceConfiguration [null] for test class [test.java.controllers.TransformControllerTest]
06:07:47.122 [Test worker] DEBUG org.springframework.test.annotation.ProfileValueUtils - Retrieved ProfileValueSource type [class org.springframework.test.annotation.SystemProfileValueSource] for class [test.java.controllers.TransformControllerTest]
]]></system-out>
  <system-err><![CDATA[]]></system-err>
</testsuite>
