<?xml version="1.0" encoding="UTF-8"?>
<testsuite name="controllers.TransformControllerTest" tests="0" skipped="0" failures="0" errors="0" timestamp="1970-01-01T00:00:00" hostname="Morgans-MacBook-Pro.local" time="0.0">
  <properties/>
  <system-out><![CDATA[17:17:55.383 [Test worker] DEBUG org.springframework.test.context.junit4.SpringJUnit4ClassRunner - SpringJUnit4ClassRunner constructor called with [class controllers.TransformControllerTest]
17:17:55.394 [Test worker] DEBUG org.springframework.test.context.BootstrapUtils - Instantiating CacheAwareContextLoaderDelegate from class [org.springframework.test.context.cache.DefaultCacheAwareContextLoaderDelegate]
17:17:55.408 [Test worker] DEBUG org.springframework.test.context.BootstrapUtils - Instantiating BootstrapContext using constructor [public org.springframework.test.context.support.DefaultBootstrapContext(java.lang.Class,org.springframework.test.context.CacheAwareContextLoaderDelegate)]
17:17:55.430 [Test worker] DEBUG org.springframework.test.context.BootstrapUtils - Instantiating TestContextBootstrapper for test class [controllers.TransformControllerTest] from class [org.springframework.test.context.web.WebTestContextBootstrapper]
17:17:55.459 [Test worker] DEBUG org.springframework.test.context.web.WebTestContextBootstrapper - Found explicit ContextLoader class [org.springframework.boot.test.SpringApplicationContextLoader] for context configuration attributes [ContextConfigurationAttributes@509f066e declaringClass = 'controllers.TransformControllerTest', classes = '{class org.springframework.mock.web.MockServletContext}', locations = '{}', inheritLocations = true, initializers = '{}', inheritInitializers = true, name = [null], contextLoaderClass = 'org.springframework.boot.test.SpringApplicationContextLoader']
17:17:55.483 [Test worker] DEBUG org.springframework.test.context.support.AbstractContextLoader - Did not detect default resource location for test class [controllers.TransformControllerTest]: class path resource [controllers/TransformControllerTest-context.xml] does not exist
17:17:55.484 [Test worker] DEBUG org.springframework.test.context.support.AbstractContextLoader - Did not detect default resource location for test class [controllers.TransformControllerTest]: class path resource [controllers/TransformControllerTestContext.groovy] does not exist
17:17:55.485 [Test worker] INFO org.springframework.test.context.support.AbstractContextLoader - Could not detect default resource locations for test class [controllers.TransformControllerTest]: no resource found for suffixes {-context.xml, Context.groovy}.
17:17:55.488 [Test worker] DEBUG org.springframework.test.context.support.ActiveProfilesUtils - Could not find an 'annotation declaring class' for annotation type [org.springframework.test.context.ActiveProfiles] and class [controllers.TransformControllerTest]
17:17:55.494 [Test worker] DEBUG org.springframework.test.context.web.WebTestContextBootstrapper - @TestExecutionListeners is not present for class [controllers.TransformControllerTest]: using defaults.
17:17:55.504 [Test worker] INFO org.springframework.test.context.web.WebTestContextBootstrapper - Loaded default TestExecutionListener class names from location [META-INF/spring.factories]: [org.springframework.test.context.web.ServletTestExecutionListener, org.springframework.test.context.support.DirtiesContextBeforeModesTestExecutionListener, org.springframework.test.context.support.DependencyInjectionTestExecutionListener, org.springframework.test.context.support.DirtiesContextTestExecutionListener, org.springframework.test.context.transaction.TransactionalTestExecutionListener, org.springframework.test.context.jdbc.SqlScriptsTestExecutionListener]
17:17:55.533 [Test worker] INFO org.springframework.test.context.web.WebTestContextBootstrapper - Using TestExecutionListeners: [org.springframework.test.context.web.ServletTestExecutionListener@2518bbf3, org.springframework.test.context.support.DirtiesContextBeforeModesTestExecutionListener@2081c53, org.springframework.test.context.support.DependencyInjectionTestExecutionListener@48aff441, org.springframework.test.context.support.DirtiesContextTestExecutionListener@42ddc512, org.springframework.test.context.transaction.TransactionalTestExecutionListener@22fa2999, org.springframework.test.context.jdbc.SqlScriptsTestExecutionListener@60525311]
17:17:55.562 [Test worker] DEBUG org.springframework.test.annotation.ProfileValueUtils - Retrieved @ProfileValueSourceConfiguration [null] for test class [controllers.TransformControllerTest]
17:17:55.562 [Test worker] DEBUG org.springframework.test.annotation.ProfileValueUtils - Retrieved ProfileValueSource type [class org.springframework.test.annotation.SystemProfileValueSource] for class [controllers.TransformControllerTest]
]]></system-out>
  <system-err><![CDATA[]]></system-err>
</testsuite>
