<?xml version="1.0" encoding="UTF-8"?>
<testsuite name="controllers.TransformControllerTest" tests="0" skipped="0" failures="0" errors="0" timestamp="1970-01-01T00:00:00" hostname="Morgans-MacBook-Pro.local" time="0.0">
  <properties/>
  <system-out><![CDATA[06:07:46.836 [Test worker] DEBUG org.springframework.test.context.junit4.SpringJUnit4ClassRunner - SpringJUnit4ClassRunner constructor called with [class controllers.TransformControllerTest]
06:07:46.850 [Test worker] DEBUG org.springframework.test.context.BootstrapUtils - Instantiating CacheAwareContextLoaderDelegate from class [org.springframework.test.context.cache.DefaultCacheAwareContextLoaderDelegate]
06:07:46.873 [Test worker] DEBUG org.springframework.test.context.BootstrapUtils - Instantiating BootstrapContext using constructor [public org.springframework.test.context.support.DefaultBootstrapContext(java.lang.Class,org.springframework.test.context.CacheAwareContextLoaderDelegate)]
06:07:46.917 [Test worker] DEBUG org.springframework.test.context.BootstrapUtils - Instantiating TestContextBootstrapper for test class [controllers.TransformControllerTest] from class [org.springframework.test.context.web.WebTestContextBootstrapper]
06:07:46.953 [Test worker] DEBUG org.springframework.test.context.web.WebTestContextBootstrapper - Found explicit ContextLoader class [org.springframework.boot.test.SpringApplicationContextLoader] for context configuration attributes [ContextConfigurationAttributes@271b58a6 declaringClass = 'controllers.TransformControllerTest', classes = '{class org.springframework.mock.web.MockServletContext}', locations = '{}', inheritLocations = true, initializers = '{}', inheritInitializers = true, name = [null], contextLoaderClass = 'org.springframework.boot.test.SpringApplicationContextLoader']
06:07:46.965 [Test worker] DEBUG org.springframework.test.context.support.AbstractContextLoader - Did not detect default resource location for test class [controllers.TransformControllerTest]: class path resource [controllers/TransformControllerTest-context.xml] does not exist
06:07:46.966 [Test worker] DEBUG org.springframework.test.context.support.AbstractContextLoader - Did not detect default resource location for test class [controllers.TransformControllerTest]: class path resource [controllers/TransformControllerTestContext.groovy] does not exist
06:07:46.966 [Test worker] INFO org.springframework.test.context.support.AbstractContextLoader - Could not detect default resource locations for test class [controllers.TransformControllerTest]: no resource found for suffixes {-context.xml, Context.groovy}.
06:07:46.968 [Test worker] DEBUG org.springframework.test.context.support.ActiveProfilesUtils - Could not find an 'annotation declaring class' for annotation type [org.springframework.test.context.ActiveProfiles] and class [controllers.TransformControllerTest]
06:07:46.973 [Test worker] DEBUG org.springframework.test.context.web.WebTestContextBootstrapper - @TestExecutionListeners is not present for class [controllers.TransformControllerTest]: using defaults.
06:07:46.983 [Test worker] INFO org.springframework.test.context.web.WebTestContextBootstrapper - Loaded default TestExecutionListener class names from location [META-INF/spring.factories]: [org.springframework.test.context.web.ServletTestExecutionListener, org.springframework.test.context.support.DirtiesContextBeforeModesTestExecutionListener, org.springframework.test.context.support.DependencyInjectionTestExecutionListener, org.springframework.test.context.support.DirtiesContextTestExecutionListener, org.springframework.test.context.transaction.TransactionalTestExecutionListener, org.springframework.test.context.jdbc.SqlScriptsTestExecutionListener]
06:07:47.037 [Test worker] INFO org.springframework.test.context.web.WebTestContextBootstrapper - Using TestExecutionListeners: [org.springframework.test.context.web.ServletTestExecutionListener@65690014, org.springframework.test.context.support.DirtiesContextBeforeModesTestExecutionListener@5e86a735, org.springframework.test.context.support.DependencyInjectionTestExecutionListener@11fc0003, org.springframework.test.context.support.DirtiesContextTestExecutionListener@146f1075, org.springframework.test.context.transaction.TransactionalTestExecutionListener@392bcb4c, org.springframework.test.context.jdbc.SqlScriptsTestExecutionListener@527f6c53]
06:07:47.060 [Test worker] DEBUG org.springframework.test.annotation.ProfileValueUtils - Retrieved @ProfileValueSourceConfiguration [null] for test class [controllers.TransformControllerTest]
06:07:47.061 [Test worker] DEBUG org.springframework.test.annotation.ProfileValueUtils - Retrieved ProfileValueSource type [class org.springframework.test.annotation.SystemProfileValueSource] for class [controllers.TransformControllerTest]
]]></system-out>
  <system-err><![CDATA[]]></system-err>
</testsuite>
